

============================== 2023-01-30 09:56:37.178225 | b3a70205-0032-4eac-8b3d-9fed08990f6a ==============================
[0m09:56:37.178225 [info ] [MainThread]: Running with dbt=1.4.1
[0m09:56:37.179302 [debug] [MainThread]: running dbt with arguments {'write_json': True, 'use_colors': True, 'printer_width': 80, 'version_check': True, 'partial_parse': True, 'static_parser': True, 'profiles_dir': '/home/ensai/.dbt', 'send_anonymous_usage_stats': True, 'quiet': False, 'no_print': False, 'cache_selected_only': False, 'project_name': 'jaffle_shop', 'skip_profile_setup': False, 'which': 'init', 'indirect_selection': 'eager'}
[0m09:56:37.179480 [debug] [MainThread]: Tracking: tracking
[0m09:56:37.186869 [debug] [MainThread]: Sending event: {'category': 'dbt', 'action': 'invocation', 'label': 'start', 'context': [<snowplow_tracker.self_describing_json.SelfDescribingJson object at 0x7f0a10062520>, <snowplow_tracker.self_describing_json.SelfDescribingJson object at 0x7f0a10062700>, <snowplow_tracker.self_describing_json.SelfDescribingJson object at 0x7f0a100629d0>]}
[0m09:56:37.187602 [debug] [MainThread]: Starter project path: /home/ensai/.local/lib/python3.8/site-packages/dbt/include/starter_project
[0m09:56:42.811929 [info ] [MainThread]: 
Your new dbt project "jaffle_shop" was created!

For more information on how to configure the profiles.yml file,
please consult the dbt documentation here:

  https://docs.getdbt.com/docs/configure-your-profile

One more thing:

Need help? Don't hesitate to reach out to us via GitHub issues or on Slack:

  https://community.getdbt.com/

Happy modeling!

[0m09:56:42.812332 [debug] [MainThread]: Sending event: {'category': 'dbt', 'action': 'invocation', 'label': 'end', 'context': [<snowplow_tracker.self_describing_json.SelfDescribingJson object at 0x7f0a100ba8b0>, <snowplow_tracker.self_describing_json.SelfDescribingJson object at 0x7f0a115eda60>, <snowplow_tracker.self_describing_json.SelfDescribingJson object at 0x7f0a100488b0>]}
[0m09:56:42.812618 [debug] [MainThread]: Flushing usage events


============================== 2023-01-30 10:59:12.628608 | a0c5fada-a37a-4a97-8690-c1ebe76d1df8 ==============================
[0m10:59:12.628608 [info ] [MainThread]: Running with dbt=1.4.1
[0m10:59:12.629623 [debug] [MainThread]: running dbt with arguments {'write_json': True, 'use_colors': True, 'printer_width': 80, 'version_check': True, 'partial_parse': True, 'static_parser': True, 'profiles_dir': '/home/ensai/.dbt', 'send_anonymous_usage_stats': True, 'quiet': False, 'no_print': False, 'cache_selected_only': False, 'config_dir': False, 'which': 'debug', 'indirect_selection': 'eager'}
[0m10:59:12.629852 [debug] [MainThread]: Tracking: tracking
[0m10:59:12.637767 [debug] [MainThread]: Sending event: {'category': 'dbt', 'action': 'invocation', 'label': 'start', 'context': [<snowplow_tracker.self_describing_json.SelfDescribingJson object at 0x7ff9f372b5e0>, <snowplow_tracker.self_describing_json.SelfDescribingJson object at 0x7ff9f372b670>, <snowplow_tracker.self_describing_json.SelfDescribingJson object at 0x7ff9f372b940>]}
[0m10:59:12.673010 [debug] [MainThread]: Executing "git --help"
[0m10:59:12.677538 [debug] [MainThread]: STDOUT: "b"usage : git [--version] [--help] [-C <chemin>] [-c <nom>=<valeur>]\n           [--exec-path[=<chemin>]] [--html-path] [--man-path] [--info-path]\n           [-p | --paginate | -P | --no-pager] [--no-replace-objects] [--bare]\n           [--git-dir=<chemin>] [--work-tree=<chemin>] [--namespace=<nom>]\n           <commande> [<args>]\n\nCi-dessous les commandes Git habituelles dans diverses situations\xc2\xa0:\n\nd\xc3\xa9marrer une zone de travail (voir aussi\xc2\xa0: git help tutorial)\n   clone             Cloner un d\xc3\xa9p\xc3\xb4t dans un nouveau r\xc3\xa9pertoire\n   init              Cr\xc3\xa9er un d\xc3\xa9p\xc3\xb4t Git vide ou r\xc3\xa9initialiser un existant\n\ntravailler sur la modification actuelle (voir aussi\xc2\xa0: git help revisions)\n   add               Ajouter le contenu de fichiers dans l'index\n   mv                D\xc3\xa9placer ou renommer un fichier, un r\xc3\xa9pertoire, ou un lien symbolique\n   restore           Restaurer les fichiers l'arbre de travail\n   rm                Supprimer des fichiers de la copie de travail et de l'index\n   sparse-checkout   Initialiser et modifier l'extraction clairsem\xc3\xa9e\n\nexaminer l'historique et l'\xc3\xa9tat (voir aussi\xc2\xa0: git help revisions)\n   bisect            Trouver par recherche binaire la modification qui a introduit un bogue\n   diff              Afficher les changements entre les validations, entre validation et copie de travail, etc\n   grep              Afficher les lignes correspondant \xc3\xa0 un motif\n   log               Afficher l'historique des validations\n   show              Afficher diff\xc3\xa9rents types d'objets\n   status            Afficher l'\xc3\xa9tat de la copie de travail\n\nagrandir, marquer et modifier votre historique\n   branch            Lister, cr\xc3\xa9er ou supprimer des branches\n   commit            Enregistrer les modifications dans le d\xc3\xa9p\xc3\xb4t\n   merge             Fusionner deux ou plusieurs historiques de d\xc3\xa9veloppement ensemble\n   rebase            R\xc3\xa9application des commits sur le sommet de l'autre base\n   reset             R\xc3\xa9initialiser la HEAD courante \xc3\xa0 l'\xc3\xa9tat sp\xc3\xa9cifi\xc3\xa9\n   switch            Basculer de branche\n   tag               Cr\xc3\xa9er, lister, supprimer ou v\xc3\xa9rifier un objet d'\xc3\xa9tiquette sign\xc3\xa9 avec GPG\n\ncollaborer (voir aussi\xc2\xa0: git help workflows)\n   fetch             T\xc3\xa9l\xc3\xa9charger les objets et r\xc3\xa9f\xc3\xa9rences depuis un autre d\xc3\xa9p\xc3\xb4t\n   pull              Rapatrier et int\xc3\xa9grer un autre d\xc3\xa9p\xc3\xb4t ou une branche locale\n   push              Mettre \xc3\xa0 jour les r\xc3\xa9f\xc3\xa9rences distantes ainsi que les objets associ\xc3\xa9s\n\n'git help -a' et 'git help -g' listent les sous-commandes disponibles et\nquelques concepts. Voir 'git help <commande>' ou 'git help <concept>'\npour en lire plus \xc3\xa0 propos d'une commande sp\xc3\xa9cifique ou d'un concept.\nVoir 'git help git' pour un survol du syst\xc3\xa8me.\n""
[0m10:59:12.678002 [debug] [MainThread]: STDERR: "b''"
[0m10:59:12.678461 [debug] [MainThread]: Sending event: {'category': 'dbt', 'action': 'invocation', 'label': 'end', 'context': [<snowplow_tracker.self_describing_json.SelfDescribingJson object at 0x7ff9f37837c0>, <snowplow_tracker.self_describing_json.SelfDescribingJson object at 0x7ff9f36f6ac0>, <snowplow_tracker.self_describing_json.SelfDescribingJson object at 0x7ff9f36f6a90>]}
[0m10:59:12.678920 [debug] [MainThread]: Flushing usage events


============================== 2023-01-30 13:12:22.631491 | cc173fcc-d3f6-491d-bb94-a48ddf743710 ==============================
[0m13:12:22.631491 [info ] [MainThread]: Running with dbt=1.4.1
[0m13:12:22.640231 [debug] [MainThread]: running dbt with arguments {'write_json': True, 'use_colors': True, 'printer_width': 80, 'version_check': True, 'partial_parse': True, 'static_parser': True, 'profiles_dir': '/home/timothee/.dbt', 'send_anonymous_usage_stats': True, 'quiet': False, 'no_print': False, 'cache_selected_only': False, 'config_dir': False, 'which': 'debug', 'indirect_selection': 'eager'}
[0m13:12:22.640620 [debug] [MainThread]: Tracking: tracking
[0m13:12:22.641929 [debug] [MainThread]: Sending event: {'category': 'dbt', 'action': 'invocation', 'label': 'start', 'context': [<snowplow_tracker.self_describing_json.SelfDescribingJson object at 0x7faf873d9ae0>, <snowplow_tracker.self_describing_json.SelfDescribingJson object at 0x7faf873daf50>, <snowplow_tracker.self_describing_json.SelfDescribingJson object at 0x7faf873d9ab0>]}
[0m13:12:23.363510 [debug] [MainThread]: Executing "git --help"
[0m13:12:23.364927 [debug] [MainThread]: STDOUT: "b"usage: git [--version] [--help] [-C <path>] [-c <name>=<value>]\n           [--exec-path[=<path>]] [--html-path] [--man-path] [--info-path]\n           [-p | --paginate | -P | --no-pager] [--no-replace-objects] [--bare]\n           [--git-dir=<path>] [--work-tree=<path>] [--namespace=<name>]\n           [--super-prefix=<path>] [--config-env=<name>=<envvar>]\n           <command> [<args>]\n\nThese are common Git commands used in various situations:\n\nstart a working area (see also: git help tutorial)\n   clone     Clone a repository into a new directory\n   init      Create an empty Git repository or reinitialise an existing one\n\nwork on the current change (see also: git help everyday)\n   add       Add file contents to the index\n   mv        Move or rename a file, a directory, or a symlink\n   restore   Restore working tree files\n   rm        Remove files from the working tree and from the index\n\nexamine the history and state (see also: git help revisions)\n   bisect    Use binary search to find the commit that introduced a bug\n   diff      Show changes between commits, commit and working tree, etc\n   grep      Print lines matching a pattern\n   log       Show commit logs\n   show      Show various types of objects\n   status    Show the working tree status\n\ngrow, mark and tweak your common history\n   branch    List, create, or delete branches\n   commit    Record changes to the repository\n   merge     Join two or more development histories together\n   rebase    Reapply commits on top of another base tip\n   reset     Reset current HEAD to the specified state\n   switch    Switch branches\n   tag       Create, list, delete or verify a tag object signed with GPG\n\ncollaborate (see also: git help workflows)\n   fetch     Download objects and refs from another repository\n   pull      Fetch from and integrate with another repository or a local branch\n   push      Update remote refs along with associated objects\n\n'git help -a' and 'git help -g' list available subcommands and some\nconcept guides. See 'git help <command>' or 'git help <concept>'\nto read about a specific subcommand or concept.\nSee 'git help git' for an overview of the system.\n""
[0m13:12:23.365110 [debug] [MainThread]: STDERR: "b''"
[0m13:12:23.366921 [debug] [MainThread]: Acquiring new bigquery connection 'debug'
[0m13:12:23.367122 [debug] [MainThread]: Opening a new connection, currently in state init
[0m13:12:23.399169 [debug] [MainThread]: On debug: select 1 as id
[0m13:12:24.893162 [debug] [MainThread]: BigQuery adapter: https://console.cloud.google.com/bigquery?project=ensai-2023-373710&j=bq:EU:c2c875c5-3c2d-443c-949d-033e0a3eede7&page=queryresults
[0m13:12:24.894243 [debug] [MainThread]: Sending event: {'category': 'dbt', 'action': 'invocation', 'label': 'end', 'context': [<snowplow_tracker.self_describing_json.SelfDescribingJson object at 0x7faf68a612d0>, <snowplow_tracker.self_describing_json.SelfDescribingJson object at 0x7faf68a63700>, <snowplow_tracker.self_describing_json.SelfDescribingJson object at 0x7faf68a60ca0>]}
[0m13:12:24.895141 [debug] [MainThread]: Flushing usage events
[0m13:12:25.641509 [debug] [MainThread]: Connection 'debug' was properly closed.
